yelp clean training
arguments: Namespace(batch_size=1024, dataset='yelp', drop_rate=0.2, dropout=0.0, epochs=10, eval_freq=2000, exponent=1, factor_num=32, gpu='0', lr=0.001, model='NeuMF-end', num_gradual=30000, num_layers=3, num_ng=1, out=True, top_k=['[', '5', '0', ',', '1', '0', '0', ']']) 
config model NeuMF-end
config data path ../data/yelp/
config model path /home/hezhuangzhuang/DenoisingRec/T_CE/models/yelp/
user, item num
45548 57396
data loaded! user_num:45548, item_num:57396 train_data_len:1672520 test_user_num:45525
epoch: 0, iter: 2000, loss:0.4744793176651001
################### EVAL ######################
Eval loss:201.37989807128906
epoch: 1, iter: 4000, loss:0.29252180457115173
################### EVAL ######################
Eval loss:136.06674194335938
epoch: 1, iter: 6000, loss:0.24953767657279968
################### EVAL ######################
Eval loss:119.61873626708984
epoch: 2, iter: 8000, loss:0.2116384506225586
################### EVAL ######################
Eval loss:116.03480529785156
epoch: 3, iter: 10000, loss:0.19231179356575012
################### EVAL ######################
Eval loss:126.28128051757812
epoch: 3, iter: 12000, loss:0.1746804565191269
################### EVAL ######################
Eval loss:121.07152557373047
epoch: 4, iter: 14000, loss:0.14193157851696014
################### EVAL ######################
Eval loss:144.1450958251953
epoch: 4, iter: 16000, loss:0.14955317974090576
################### EVAL ######################
Eval loss:138.66502380371094
epoch: 5, iter: 18000, loss:0.12599514424800873
################### EVAL ######################
Eval loss:165.14273071289062
epoch: 6, iter: 20000, loss:0.10225257277488708
################### EVAL ######################
Eval loss:200.9071502685547
epoch: 6, iter: 22000, loss:0.13036668300628662
################### EVAL ######################
Eval loss:189.8500518798828
epoch: 7, iter: 24000, loss:0.13926340639591217
################### EVAL ######################
Eval loss:227.04376220703125
epoch: 7, iter: 26000, loss:0.10347073525190353
################### EVAL ######################
Eval loss:209.51431274414062
epoch: 8, iter: 28000, loss:0.09572214633226395
################### EVAL ######################
Eval loss:243.8460693359375
epoch: 9, iter: 30000, loss:0.09496859461069107
################### EVAL ######################
Eval loss:285.4565124511719
epoch: 9, iter: 32000, loss:0.08959086984395981
################### EVAL ######################
Eval loss:281.05584716796875
############################## Training End. ##############################
yelp clean training
arguments: Namespace(batch_size=1024, dataset='yelp', drop_rate=0.2, dropout=0.0, epochs=10, eval_freq=2000, exponent=1, factor_num=32, gpu='1', lr=0.001, model='NeuMF-end', num_gradual=30000, num_layers=3, num_ng=1, out=True, top_k=[50, 100]) 
config model NeuMF-end
config data path ../data/yelp/
config model path /home/hezhuangzhuang/DenoisingRec/T_CE/models/yelp/
user, item num
45548 57396
data loaded! user_num:45548, item_num:57396 train_data_len:1672520 test_user_num:45525
epoch: 0, iter: 2000, loss:0.4744793176651001
################### EVAL ######################
Eval loss:201.37989807128906
epoch: 1, iter: 4000, loss:0.29252180457115173
################### EVAL ######################
Eval loss:136.06674194335938
epoch: 1, iter: 6000, loss:0.24953767657279968
################### EVAL ######################
Eval loss:119.61873626708984
epoch: 2, iter: 8000, loss:0.2116384506225586
################### EVAL ######################
Eval loss:116.03480529785156
epoch: 3, iter: 10000, loss:0.19231179356575012
################### EVAL ######################
Eval loss:126.28128051757812
epoch: 3, iter: 12000, loss:0.1746804565191269
################### EVAL ######################
Eval loss:121.07152557373047
epoch: 4, iter: 14000, loss:0.14193157851696014
################### EVAL ######################
Eval loss:144.1450958251953
epoch: 4, iter: 16000, loss:0.14955317974090576
################### EVAL ######################
Eval loss:138.66502380371094
epoch: 5, iter: 18000, loss:0.12599514424800873
################### EVAL ######################
Eval loss:165.14273071289062
epoch: 6, iter: 20000, loss:0.10225257277488708
################### EVAL ######################
Eval loss:200.9071502685547
epoch: 6, iter: 22000, loss:0.13036668300628662
################### EVAL ######################
Eval loss:189.8500518798828
epoch: 7, iter: 24000, loss:0.13926340639591217
################### EVAL ######################
Eval loss:227.04376220703125
epoch: 7, iter: 26000, loss:0.10347073525190353
################### EVAL ######################
Eval loss:209.51431274414062
epoch: 8, iter: 28000, loss:0.09572214633226395
################### EVAL ######################
Eval loss:243.8460693359375
epoch: 9, iter: 30000, loss:0.09496859461069107
################### EVAL ######################
Eval loss:285.4565124511719
epoch: 9, iter: 32000, loss:0.08959086984395981
################### EVAL ######################
Eval loss:281.05584716796875
############################## Training End. ##############################
################### TEST ######################
Recall 0.0758-0.1239
NDCG 0.0314-0.0422
yelp clean training
arguments: Namespace(batch_size=1024, dataset='yelp', drop_rate=0.2, dropout=0.0, epochs=10, eval_freq=2000, exponent=1, factor_num=32, gpu='1', lr=0.001, model='NeuMF-end', num_gradual=30000, num_layers=3, num_ng=1, out=True, top_k=[50, 100]) 
config model NeuMF-end
config data path ../data/yelp/
config model path /home/hezhuangzhuang/DenoisingRec/T_CE/models/yelp/
user, item num
45548 57396
data loaded! user_num:45548, item_num:57396 train_data_len:1672520 test_user_num:45525
epoch: 0, iter: 2000, loss:0.4744793176651001
################### EVAL ######################
Eval loss:201.37989807128906
epoch: 1, iter: 4000, loss:0.29252180457115173
################### EVAL ######################
Eval loss:136.06674194335938
epoch: 1, iter: 6000, loss:0.24953767657279968
################### EVAL ######################
Eval loss:119.61873626708984
epoch: 2, iter: 8000, loss:0.2116384506225586
################### EVAL ######################
Eval loss:116.03480529785156
epoch: 3, iter: 10000, loss:0.19231179356575012
################### EVAL ######################
Eval loss:126.28128051757812
epoch: 3, iter: 12000, loss:0.1746804565191269
################### EVAL ######################
Eval loss:121.07152557373047
epoch: 4, iter: 14000, loss:0.14193157851696014
################### EVAL ######################
Eval loss:144.1450958251953
epoch: 4, iter: 16000, loss:0.14955317974090576
################### EVAL ######################
Eval loss:138.66502380371094
epoch: 5, iter: 18000, loss:0.12599514424800873
################### EVAL ######################
Eval loss:165.14273071289062
epoch: 6, iter: 20000, loss:0.10225257277488708
################### EVAL ######################
Eval loss:200.9071502685547
epoch: 6, iter: 22000, loss:0.13036668300628662
################### EVAL ######################
Eval loss:189.8500518798828
epoch: 7, iter: 24000, loss:0.13926340639591217
################### EVAL ######################
Eval loss:227.04376220703125
epoch: 7, iter: 26000, loss:0.10347073525190353
################### EVAL ######################
Eval loss:209.51431274414062
epoch: 8, iter: 28000, loss:0.09572214633226395
################### EVAL ######################
Eval loss:243.8460693359375
epoch: 9, iter: 30000, loss:0.09496859461069107
################### EVAL ######################
Eval loss:285.4565124511719
epoch: 9, iter: 32000, loss:0.08959086984395981
################### EVAL ######################
Eval loss:281.05584716796875
############################## Training End. ##############################
################### TEST ######################
Recall 0.0758-0.1239
NDCG 0.0314-0.0422
book clean training
arguments: Namespace(batch_size=1024, dataset='amazon_book', drop_rate=0.2, dropout=0.0, epochs=10, eval_freq=2000, exponent=1, factor_num=32, gpu='1', lr=0.001, model='NeuMF-end', num_gradual=30000, num_layers=3, num_ng=1, out=True, top_k=[50, 100]) 
config model NeuMF-end
config data path ../data/amazon_book/
config model path /home/hezhuangzhuang/DenoisingRec/T_CE/models/amazon_book/
user, item num
80464 98663
data loaded! user_num:80464, item_num:98663 train_data_len:2714021 test_user_num:80349
epoch: 0, iter: 2000, loss:0.6086949706077576
################### EVAL ######################
Eval loss:400.7452087402344
epoch: 0, iter: 4000, loss:0.5039533972740173
################### EVAL ######################
Eval loss:334.86663818359375
epoch: 1, iter: 6000, loss:0.36682620644569397
################### EVAL ######################
Eval loss:285.7569580078125
epoch: 1, iter: 8000, loss:0.33038631081581116
################### EVAL ######################
Eval loss:258.21612548828125
epoch: 1, iter: 10000, loss:0.3162899911403656
################### EVAL ######################
Eval loss:239.15077209472656
epoch: 2, iter: 12000, loss:0.24707388877868652
################### EVAL ######################
Eval loss:252.39991760253906
epoch: 2, iter: 14000, loss:0.2539921998977661
################### EVAL ######################
Eval loss:247.05169677734375
epoch: 3, iter: 16000, loss:0.18077969551086426
################### EVAL ######################
Eval loss:269.7511291503906
epoch: 3, iter: 18000, loss:0.18280905485153198
################### EVAL ######################
Eval loss:270.50616455078125
epoch: 3, iter: 20000, loss:0.19437192380428314
################### EVAL ######################
Eval loss:268.69061279296875
epoch: 4, iter: 22000, loss:0.13782231509685516
################### EVAL ######################
Eval loss:320.22174072265625
epoch: 4, iter: 24000, loss:0.128562793135643
################### EVAL ######################
Eval loss:314.49609375
epoch: 4, iter: 26000, loss:0.17022091150283813
################### EVAL ######################
Eval loss:305.80828857421875
epoch: 5, iter: 28000, loss:0.14286652207374573
################### EVAL ######################
Eval loss:383.5683898925781
epoch: 5, iter: 30000, loss:0.11018986254930496
################### EVAL ######################
Eval loss:360.5396728515625
epoch: 6, iter: 32000, loss:0.09110280871391296
################### EVAL ######################
Eval loss:443.1209716796875
epoch: 6, iter: 34000, loss:0.10379764437675476
################### EVAL ######################
Eval loss:436.962890625
epoch: 6, iter: 36000, loss:0.12171468883752823
################### EVAL ######################
Eval loss:448.6883544921875
epoch: 7, iter: 38000, loss:0.07166889309883118
################### EVAL ######################
Eval loss:517.8583374023438
epoch: 7, iter: 40000, loss:0.11330097913742065
################### EVAL ######################
Eval loss:490.91046142578125
epoch: 7, iter: 42000, loss:0.12226507812738419
################### EVAL ######################
Eval loss:491.4965515136719
epoch: 8, iter: 44000, loss:0.09312470257282257
################### EVAL ######################
Eval loss:597.1234741210938
epoch: 8, iter: 46000, loss:0.13303805887699127
################### EVAL ######################
Eval loss:561.2767333984375
epoch: 9, iter: 48000, loss:0.05619238317012787
################### EVAL ######################
Eval loss:655.22021484375
epoch: 9, iter: 50000, loss:0.09938855469226837
################### EVAL ######################
Eval loss:641.2700805664062
epoch: 9, iter: 52000, loss:0.10498595982789993
################### EVAL ######################
Eval loss:619.4645385742188
############################## Training End. ##############################
################### TEST ######################
Recall 0.0516-0.0829
NDCG 0.0216-0.0286
book clean training
arguments: Namespace(batch_size=1024, dataset='adressa', drop_rate=0, dropout=0.0, epochs=10, eval_freq=2000, exponent=1, factor_num=32, gpu='1', lr=0.001, model='NeuMF-end', num_gradual=30000, num_layers=3, num_ng=1, out=True, top_k=[3, 20]) 
config model NeuMF-end
config data path ../data/adressa/
config model path /home/hezhuangzhuang/DenoisingRec/T_CE/models/adressa/
user, item num
212231 6596
data loaded! user_num:212231, item_num:6596 train_data_len:419491 test_user_num:10380
epoch: 2, iter: 2000, loss:0.0473005473613739
################### EVAL ######################
Eval loss:149.9945068359375
epoch: 4, iter: 4000, loss:0.015727266669273376
################### EVAL ######################
Eval loss:204.57127380371094
epoch: 7, iter: 6000, loss:0.0027300219517201185
################### EVAL ######################
Eval loss:365.6081237792969
epoch: 9, iter: 8000, loss:0.001817556214518845
################### EVAL ######################
Eval loss:387.79754638671875
############################## Training End. ##############################
################### TEST ######################
Recall 0.1377-0.3134
NDCG 0.1200-0.1840
